<?xml version="1.0" encoding="UTF-8"?>
<!-- Generated by org.testng.reporters.JUnitReportReporter -->
<testsuite hostname="DESKTOP-NI7S81B" failures="0" tests="4" name="datadriventesting.DataDrivenTest" time="31.380" errors="0" timestamp="2022-10-18T13:58:51 IST" skipped="0">
  <testcase classname="datadriventesting.DataDrivenTest" name="loginTest" time="14.992"/>
  <system-out/>
  <testcase classname="datadriventesting.DataDrivenTest" name="loginTest" time="5.401"/>
  <system-out/>
  <testcase classname="datadriventesting.DataDrivenTest" name="loginTest" time="5.551"/>
  <system-out/>
  <testcase classname="datadriventesting.DataDrivenTest" name="loginTest" time="5.436"/>
  <system-out/>
</testsuite> <!-- datadriventesting.DataDrivenTest -->
